# JRE version: Java(TM) SE Runtime Environment (20.0.2+9) (build 20.0.2+9-78)
# Java VM: Java HotSpot(TM) 64-Bit Server VM (20.0.2+9-78, mixed mode, sharing, tiered, compressed oops, compressed class ptrs, g1 gc, windows-amd64)
GC Precious Log:
 CardTable entry size: 512
 Card Set container configuration: InlinePtr #cards 4 size 8 Array Of Cards #cards 16 size 48 Howl #buckets 8 coarsen threshold 3686 Howl Bitmap #cards 512 size 80 coarsen threshold 460 Card regions per heap region 1 cards per card region 4096
 CPUs: 8 total, 8 available
 Memory: 12093M
 Large Page Support: Disabled
 NUMA Support: Disabled
 Compressed Oops: Enabled (Zero based)
 Heap Region Size: 2M
 Heap Min Capacity: 8M
 Heap Initial Capacity: 190M
 Heap Max Capacity: 3024M
 Pre-touch: Disabled
 Parallel Workers: 8
 Concurrent Workers: 2
 Concurrent Refinement Workers: 8
 Periodic GC: Disabled
Heap:
 garbage-first heap   total 92160K, used 40294K [0x0000000743000000, 0x0000000800000000)
  region size 2048K, 4 young (8192K), 2 survivors (4096K)
 Metaspace       used 87622K, committed 88384K, reserved 1179648K
  class space    used 11297K, committed 11712K, reserved 1048576K
GC Heap History (20 events):
Event: 7.504 GC heap before
{Heap before GC invocations=12 (full 0):
 garbage-first heap   total 75776K, used 64554K [0x0000000743000000, 0x0000000800000000)
  region size 2048K, 20 young (40960K), 1 survivors (2048K)
 Metaspace       used 65425K, committed 66048K, reserved 1114112K
  class space    used 8728K, committed 9024K, reserved 1048576K
}
Event: 7.509 GC heap after
{Heap after GC invocations=13 (full 0):
 garbage-first heap   total 75776K, used 28498K [0x0000000743000000, 0x0000000800000000)
  region size 2048K, 3 young (6144K), 3 survivors (6144K)
 Metaspace       used 65425K, committed 66048K, reserved 1114112K
  class space    used 8728K, committed 9024K, reserved 1048576K
}
Event: 7.943 GC heap before
{Heap before GC invocations=13 (full 0):
 garbage-first heap   total 75776K, used 61266K [0x0000000743000000, 0x0000000800000000)
  region size 2048K, 19 young (38912K), 3 survivors (6144K)
 Metaspace       used 68215K, committed 68864K, reserved 1114112K
  class space    used 9326K, committed 9664K, reserved 1048576K
}
Event: 7.949 GC heap after
{Heap after GC invocations=14 (full 0):
 garbage-first heap   total 75776K, used 30044K [0x0000000743000000, 0x0000000800000000)
  region size 2048K, 3 young (6144K), 3 survivors (6144K)
 Metaspace       used 68215K, committed 68864K, reserved 1114112K
  class space    used 9326K, committed 9664K, reserved 1048576K
}
Event: 8.384 GC heap before
{Heap before GC invocations=14 (full 0):
 garbage-first heap   total 75776K, used 58716K [0x0000000743000000, 0x0000000800000000)
  region size 2048K, 18 young (36864K), 3 survivors (6144K)
 Metaspace       used 69977K, committed 70656K, reserved 1114112K
  class space    used 9543K, committed 9856K, reserved 1048576K
}
Event: 8.389 GC heap after
{Heap after GC invocations=15 (full 0):
 garbage-first heap   total 75776K, used 30812K [0x0000000743000000, 0x0000000800000000)
  region size 2048K, 2 young (4096K), 2 survivors (4096K)
 Metaspace       used 69977K, committed 70656K, reserved 1114112K
  class space    used 9543K, committed 9856K, reserved 1048576K
}
Event: 9.361 GC heap before
{Heap before GC invocations=15 (full 0):
 garbage-first heap   total 75776K, used 63580K [0x0000000743000000, 0x0000000800000000)
  region size 2048K, 18 young (36864K), 2 survivors (4096K)
 Metaspace       used 72670K, committed 73408K, reserved 1114112K
  class space    used 9911K, committed 10240K, reserved 1048576K
}
Event: 9.365 GC heap after
{Heap after GC invocations=16 (full 0):
 garbage-first heap   total 92160K, used 33233K [0x0000000743000000, 0x0000000800000000)
  region size 2048K, 3 young (6144K), 3 survivors (6144K)
 Metaspace       used 72670K, committed 73408K, reserved 1114112K
  class space    used 9911K, committed 10240K, reserved 1048576K
}
Event: 110.450 GC heap before
{Heap before GC invocations=17 (full 0):
 garbage-first heap   total 92160K, used 78289K [0x0000000743000000, 0x0000000800000000)
  region size 2048K, 25 young (51200K), 3 survivors (6144K)
 Metaspace       used 80184K, committed 80960K, reserved 1179648K
  class space    used 10975K, committed 11328K, reserved 1048576K
}
Event: 110.459 GC heap after
{Heap after GC invocations=18 (full 0):
 garbage-first heap   total 92160K, used 36371K [0x0000000743000000, 0x0000000800000000)
  region size 2048K, 4 young (8192K), 4 survivors (8192K)
 Metaspace       used 80184K, committed 80960K, reserved 1179648K
  class space    used 10975K, committed 11328K, reserved 1048576K
}
Event: 3099.971 GC heap before
{Heap before GC invocations=18 (full 0):
 garbage-first heap   total 92160K, used 73235K [0x0000000743000000, 0x0000000800000000)
  region size 2048K, 23 young (47104K), 4 survivors (8192K)
 Metaspace       used 84053K, committed 84800K, reserved 1179648K
  class space    used 11300K, committed 11648K, reserved 1048576K
}
Event: 3099.985 GC heap after
{Heap after GC invocations=19 (full 0):
 garbage-first heap   total 92160K, used 38167K [0x0000000743000000, 0x0000000800000000)
  region size 2048K, 3 young (6144K), 3 survivors (6144K)
 Metaspace       used 84053K, committed 84800K, reserved 1179648K
  class space    used 11300K, committed 11648K, reserved 1048576K
}
Event: 5327.969 GC heap before
{Heap before GC invocations=19 (full 0):
 garbage-first heap   total 92160K, used 77079K [0x0000000743000000, 0x0000000800000000)
  region size 2048K, 23 young (47104K), 3 survivors (6144K)
 Metaspace       used 85442K, committed 86208K, reserved 1179648K
  class space    used 11335K, committed 11712K, reserved 1048576K
}
Event: 5327.976 GC heap after
{Heap after GC invocations=20 (full 0):
 garbage-first heap   total 92160K, used 39116K [0x0000000743000000, 0x0000000800000000)
  region size 2048K, 2 young (4096K), 2 survivors (4096K)
 Metaspace       used 85442K, committed 86208K, reserved 1179648K
  class space    used 11335K, committed 11712K, reserved 1048576K
}
Event: 7112.540 GC heap before
{Heap before GC invocations=21 (full 0):
 garbage-first heap   total 92160K, used 80076K [0x0000000743000000, 0x0000000800000000)
  region size 2048K, 22 young (45056K), 2 survivors (4096K)
 Metaspace       used 86143K, committed 86848K, reserved 1179648K
  class space    used 11269K, committed 11712K, reserved 1048576K
}
Event: 7112.544 GC heap after
{Heap after GC invocations=22 (full 0):
 garbage-first heap   total 92160K, used 38907K [0x0000000743000000, 0x0000000800000000)
  region size 2048K, 2 young (4096K), 2 survivors (4096K)
 Metaspace       used 86143K, committed 86848K, reserved 1179648K
  class space    used 11269K, committed 11712K, reserved 1048576K
}
Event: 41748.214 GC heap before
{Heap before GC invocations=22 (full 0):
 garbage-first heap   total 92160K, used 77819K [0x0000000743000000, 0x0000000800000000)
  region size 2048K, 22 young (45056K), 2 survivors (4096K)
 Metaspace       used 86982K, committed 87744K, reserved 1179648K
  class space    used 11295K, committed 11712K, reserved 1048576K
}
Event: 41748.229 GC heap after
{Heap after GC invocations=23 (full 0):
 garbage-first heap   total 92160K, used 38526K [0x0000000743000000, 0x0000000800000000)
  region size 2048K, 2 young (4096K), 2 survivors (4096K)
 Metaspace       used 86982K, committed 87744K, reserved 1179648K
  class space    used 11295K, committed 11712K, reserved 1048576K
}
Event: 43516.163 GC heap before
{Heap before GC invocations=23 (full 0):
 garbage-first heap   total 92160K, used 79486K [0x0000000743000000, 0x0000000800000000)
  region size 2048K, 22 young (45056K), 2 survivors (4096K)
 Metaspace       used 87649K, committed 88384K, reserved 1179648K
  class space    used 11306K, committed 11712K, reserved 1048576K
}
Event: 43516.177 GC heap after
{Heap after GC invocations=24 (full 0):
 garbage-first heap   total 92160K, used 38246K [0x0000000743000000, 0x0000000800000000)
  region size 2048K, 2 young (4096K), 2 survivors (4096K)
 Metaspace       used 87649K, committed 88384K, reserved 1179648K
  class space    used 11306K, committed 11712K, reserved 1048576K
}

